<?xml version="1.0" encoding="UTF-8"?>
<!-- Generated by org.testng.reporters.JUnitReportReporter -->
<testsuite skipped="0" hostname="Incredi-MarkZ" name="windowstests.BatmanVC11Tests" tests="8" failures="0" timestamp="17 Jan 2018 08:58:39 GMT" time="0.587" errors="0">
  <testcase name="ps4Edge2012ReleaseOrbisBuild" time="0.070" classname="windowstests.BatmanVC11Tests"/>
  <testcase name="ace2012ReleaseBuild" time="0.086" classname="windowstests.BatmanVC11Tests"/>
  <testcase name="ps4Edge2012ProfileOrbisBuild" time="0.070" classname="windowstests.BatmanVC11Tests"/>
  <testcase name="ps4GNM2012DebugOrbisBuild" time="0.072" classname="windowstests.BatmanVC11Tests"/>
  <testcase name="ps4Edge2012DebugOrbisBuild" time="0.073" classname="windowstests.BatmanVC11Tests"/>
  <testcase name="shadowmap2012ReleaseDurangoBuild" time="0.072" classname="windowstests.BatmanVC11Tests"/>
  <testcase name="shadowmap2012DebugDurangoBuild" time="0.070" classname="windowstests.BatmanVC11Tests"/>
  <testcase name="ps4GNM2012ReleaseOrbisBuild" time="0.074" classname="windowstests.BatmanVC11Tests"/>
</testsuite> <!-- windowstests.BatmanVC11Tests -->
