<?xml version="1.0" encoding="UTF-8"?>
<testsuite name="windowstests.BatmanVC11Tests" tests="8" skipped="0" failures="0" errors="0" timestamp="2018-01-17T08:58:37" hostname="Incredi-MarkZ" time="0.591">
  <properties/>
  <testcase name="ace2012ReleaseBuild" classname="windowstests.BatmanVC11Tests" time="0.084"/>
  <testcase name="ps4Edge2012DebugOrbisBuild" classname="windowstests.BatmanVC11Tests" time="0.072"/>
  <testcase name="ps4Edge2012ProfileOrbisBuild" classname="windowstests.BatmanVC11Tests" time="0.068"/>
  <testcase name="ps4Edge2012ReleaseOrbisBuild" classname="windowstests.BatmanVC11Tests" time="0.069"/>
  <testcase name="ps4GNM2012DebugOrbisBuild" classname="windowstests.BatmanVC11Tests" time="0.07"/>
  <testcase name="ps4GNM2012ReleaseOrbisBuild" classname="windowstests.BatmanVC11Tests" time="0.073"/>
  <testcase name="shadowmap2012DebugDurangoBuild" classname="windowstests.BatmanVC11Tests" time="0.07"/>
  <testcase name="shadowmap2012ReleaseDurangoBuild" classname="windowstests.BatmanVC11Tests" time="0.069"/>
  <system-out><![CDATA[ACE 2012 - Release


-----------------------------------------------------------------------
Build Acceleration Console 9.2 (build 2160)
Copyright (C) 2001-2017 IncrediBuild Software Ltd. All rights reserved.
-----------------------------------------------------------------------


Fatal Error: File not found: C:\QA\Simulation\VC11\ACE_VC11\ACE_vc2012.sln
ACE 2012 - Release


-----------------------------------------------------------------------
Build Acceleration Console 9.2 (build 2160)
Copyright (C) 2001-2017 IncrediBuild Software Ltd. All rights reserved.
-----------------------------------------------------------------------


Fatal Error: File not found: C:\QA\Simulation\VC11\ACE_VC11\ACE_vc2012.sln

-----------------------------------------------------------------------
Build Acceleration Console 9.2 (build 2160)
Copyright (C) 2001-2017 IncrediBuild Software Ltd. All rights reserved.
-----------------------------------------------------------------------


Fatal Error: File not found: C:\Program Files (x86)\SCE\ORBIS SDKs\4.000\target\samples\sample_code\engines\api_edge_animation\api_edge_animation_orbis.sln \clean \cfg=debug|orbis.sln

-----------------------------------------------------------------------
Build Acceleration Console 9.2 (build 2160)
Copyright (C) 2001-2017 IncrediBuild Software Ltd. All rights reserved.
-----------------------------------------------------------------------


Fatal Error: File not found: C:\Program Files (x86)\SCE\ORBIS SDKs\4.000\target\samples\sample_code\engines\api_edge_animation\api_edge_animation_orbis.sln \build \cfg=debug|orbis.sln

-----------------------------------------------------------------------
Build Acceleration Console 9.2 (build 2160)
Copyright (C) 2001-2017 IncrediBuild Software Ltd. All rights reserved.
-----------------------------------------------------------------------


Fatal Error: File not found: C:\Program Files (x86)\SCE\ORBIS SDKs\4.000\target\samples\sample_code\engines\api_edge_animation\api_edge_animation_orbis.sln \clean \cfg=profile|orbis.sln

-----------------------------------------------------------------------
Build Acceleration Console 9.2 (build 2160)
Copyright (C) 2001-2017 IncrediBuild Software Ltd. All rights reserved.
-----------------------------------------------------------------------


Fatal Error: File not found: C:\Program Files (x86)\SCE\ORBIS SDKs\4.000\target\samples\sample_code\engines\api_edge_animation\api_edge_animation_orbis.sln \build \cfg=profile|orbis.sln

-----------------------------------------------------------------------
Build Acceleration Console 9.2 (build 2160)
Copyright (C) 2001-2017 IncrediBuild Software Ltd. All rights reserved.
-----------------------------------------------------------------------


Fatal Error: File not found: C:\Program Files (x86)\SCE\ORBIS SDKs\4.000\target\samples\sample_code\engines\api_edge_animation\api_edge_animation_orbis.sln \clean \cfg=release|orbis.sln

-----------------------------------------------------------------------
Build Acceleration Console 9.2 (build 2160)
Copyright (C) 2001-2017 IncrediBuild Software Ltd. All rights reserved.
-----------------------------------------------------------------------


Fatal Error: File not found: C:\Program Files (x86)\SCE\ORBIS SDKs\4.000\target\samples\sample_code\engines\api_edge_animation\api_edge_animation_orbis.sln \build \cfg=release|orbis.sln

-----------------------------------------------------------------------
Build Acceleration Console 9.2 (build 2160)
Copyright (C) 2001-2017 IncrediBuild Software Ltd. All rights reserved.
-----------------------------------------------------------------------


Fatal Error: File not found: C:\Program Files (x86)\SCE\ORBIS SDKs\4.000\target\samples\sample_code\graphics\api_gnm\api_gnm.sln \clean \cfg=debug|orbis.sln

-----------------------------------------------------------------------
Build Acceleration Console 9.2 (build 2160)
Copyright (C) 2001-2017 IncrediBuild Software Ltd. All rights reserved.
-----------------------------------------------------------------------


Fatal Error: File not found: C:\Program Files (x86)\SCE\ORBIS SDKs\4.000\target\samples\sample_code\graphics\api_gnm\api_gnm.sln \build \cfg=debug|orbis.sln

-----------------------------------------------------------------------
Build Acceleration Console 9.2 (build 2160)
Copyright (C) 2001-2017 IncrediBuild Software Ltd. All rights reserved.
-----------------------------------------------------------------------


Fatal Error: File not found: C:\Program Files (x86)\SCE\ORBIS SDKs\4.000\target\samples\sample_code\graphics\api_gnm\api_gnm.sln \clean \cfg=release|orbis.sln

-----------------------------------------------------------------------
Build Acceleration Console 9.2 (build 2160)
Copyright (C) 2001-2017 IncrediBuild Software Ltd. All rights reserved.
-----------------------------------------------------------------------


Fatal Error: File not found: C:\Program Files (x86)\SCE\ORBIS SDKs\4.000\target\samples\sample_code\graphics\api_gnm\api_gnm.sln \build \cfg=release|orbis.sln

-----------------------------------------------------------------------
Build Acceleration Console 9.2 (build 2160)
Copyright (C) 2001-2017 IncrediBuild Software Ltd. All rights reserved.
-----------------------------------------------------------------------


Fatal Error: File not found: C:\QA\Simulation\VC14\Durango_Samples\ShadowMap\graphics\ShadowMap\ShadowMap110.sln \clean \cfg=debug|Durango.sln

-----------------------------------------------------------------------
Build Acceleration Console 9.2 (build 2160)
Copyright (C) 2001-2017 IncrediBuild Software Ltd. All rights reserved.
-----------------------------------------------------------------------


Fatal Error: File not found: C:\QA\Simulation\VC14\Durango_Samples\ShadowMap\graphics\ShadowMap\ShadowMap110.sln \build \cfg=debug|Durango.sln

-----------------------------------------------------------------------
Build Acceleration Console 9.2 (build 2160)
Copyright (C) 2001-2017 IncrediBuild Software Ltd. All rights reserved.
-----------------------------------------------------------------------


Fatal Error: File not found: C:\QA\Simulation\VC14\Durango_Samples\ShadowMap\graphics\ShadowMap\ShadowMap110.sln \clean \cfg=release|Durango.sln

-----------------------------------------------------------------------
Build Acceleration Console 9.2 (build 2160)
Copyright (C) 2001-2017 IncrediBuild Software Ltd. All rights reserved.
-----------------------------------------------------------------------


Fatal Error: File not found: C:\QA\Simulation\VC14\Durango_Samples\ShadowMap\graphics\ShadowMap\ShadowMap110.sln \build \cfg=release|Durango.sln
]]></system-out>
  <system-err><![CDATA[]]></system-err>
</testsuite>
