<?xml version="1.0" encoding="UTF-8"?>
<TestRun id="ce69f2b2-d590-416a-b1a8-7abae53d8664" name="Administrator@WINDOWS-QA-1 2020-01-09 19:14:49" runUser="NT AUTHORITY\SYSTEM" xmlns="http://microsoft.com/schemas/VisualStudio/TeamTest/2010">
  <TestSettings name="Default Test Settings" id="b67f220c-7b95-4f83-8c2f-3fa0e78eafbc">
    <Execution>
      <TestTypeSpecific />
      <AgentRule name="Execution Agents">
      </AgentRule>
    </Execution>
    <Deployment runDeploymentRoot="Administrator_WINDOWS-QA-1 2020-01-09 19_14_49" />
    <Properties />
  </TestSettings>
  <Times creation="2020-01-09T19:14:49.4684690+02:00" queuing="2020-01-09T19:14:50.4997001+02:00" start="2020-01-09T19:14:50.8590815+02:00" finish="2020-01-09T19:14:51.7653322+02:00" />
  <ResultSummary outcome="Completed">
    <Counters total="2" executed="2" passed="2" error="0" failed="0" timeout="0" aborted="0" inconclusive="0" passedButRunAborted="0" notRunnable="0" notExecuted="0" disconnected="0" warning="0" completed="0" inProgress="0" pending="0" />
  </ResultSummary>
  <TestDefinitions>
    <UnitTest name="isTrue" storage="c:\qa\simulation\testing\mstest-master\runner\mstestproject.dll" id="10ed9d88-46c9-05b9-156d-2b585507df3c">
      <Execution id="a67e6eee-46db-4135-8fbb-b23d274c162f" />
      <TestMethod codeBase="C:/QA/Simulation/Testing/mstest-master/runner/MSTestProject.DLL" adapterTypeName="Microsoft.VisualStudio.TestTools.TestTypes.Unit.UnitTestAdapter, Microsoft.VisualStudio.QualityTools.Tips.UnitTest.Adapter, Version=16.0.0.0, Culture=neutral, PublicKeyToken=b03f5f7f11d50a3a" className="MSTestProject.UnitTest1, MSTestProject, Version=1.0.0.0, Culture=neutral, PublicKeyToken=null" name="isTrue" />
    </UnitTest>
    <UnitTest name="isFalse" storage="c:\qa\simulation\testing\mstest-master\runner\mstestproject.dll" id="a44828db-0023-d090-8331-c52e1c27c3c9">
      <Execution id="06b1f98f-cd66-4451-8144-3f1334d62e12" />
      <TestMethod codeBase="C:/QA/Simulation/Testing/mstest-master/runner/MSTestProject.DLL" adapterTypeName="Microsoft.VisualStudio.TestTools.TestTypes.Unit.UnitTestAdapter, Microsoft.VisualStudio.QualityTools.Tips.UnitTest.Adapter, Version=16.0.0.0, Culture=neutral, PublicKeyToken=b03f5f7f11d50a3a" className="MSTestProject.UnitTest1, MSTestProject, Version=1.0.0.0, Culture=neutral, PublicKeyToken=null" name="isFalse" />
    </UnitTest>
  </TestDefinitions>
  <TestLists>
    <TestList name="Results Not in a List" id="8c84fa94-04c1-424b-9868-57a2d4851a1d" />
    <TestList name="All Loaded Results" id="19431567-8539-422a-85d7-44ee4e166bda" />
  </TestLists>
  <TestEntries>
    <TestEntry testId="a44828db-0023-d090-8331-c52e1c27c3c9" executionId="06b1f98f-cd66-4451-8144-3f1334d62e12" testListId="8c84fa94-04c1-424b-9868-57a2d4851a1d" />
    <TestEntry testId="10ed9d88-46c9-05b9-156d-2b585507df3c" executionId="a67e6eee-46db-4135-8fbb-b23d274c162f" testListId="8c84fa94-04c1-424b-9868-57a2d4851a1d" />
  </TestEntries>
  <Results>
    <UnitTestResult executionId="06b1f98f-cd66-4451-8144-3f1334d62e12" testId="a44828db-0023-d090-8331-c52e1c27c3c9" testName="isFalse" computerName="WINDOWS-QA-1" duration="00:00:00.0177443" startTime="2020-01-09T19:14:50.9528229+02:00" endTime="2020-01-09T19:14:51.5778308+02:00" testType="13cdc9d9-ddb5-4fa4-a97d-d965ccfc6d4b" outcome="Passed" testListId="8c84fa94-04c1-424b-9868-57a2d4851a1d" relativeResultsDirectory="06b1f98f-cd66-4451-8144-3f1334d62e12">
    </UnitTestResult>
    <UnitTestResult executionId="a67e6eee-46db-4135-8fbb-b23d274c162f" testId="10ed9d88-46c9-05b9-156d-2b585507df3c" testName="isTrue" computerName="WINDOWS-QA-1" duration="00:00:00.0024649" startTime="2020-01-09T19:14:51.5934527+02:00" endTime="2020-01-09T19:14:51.5934527+02:00" testType="13cdc9d9-ddb5-4fa4-a97d-d965ccfc6d4b" outcome="Passed" testListId="8c84fa94-04c1-424b-9868-57a2d4851a1d" relativeResultsDirectory="a67e6eee-46db-4135-8fbb-b23d274c162f">
    </UnitTestResult>
  </Results>
</TestRun>