<?xml version="1.0" encoding="UTF-8"?>
<TestRun id="035eb5c0-bee8-4dfc-84c0-b65e35480d0e" name="Administrator@WINDOWS-QA-1 2020-01-09 16:44:21" runUser="NT AUTHORITY\SYSTEM" xmlns="http://microsoft.com/schemas/VisualStudio/TeamTest/2010">
  <TestSettings name="Default Test Settings" id="e92febb8-6c78-41b8-891f-3b596fe1d89e">
    <Execution>
      <TestTypeSpecific />
      <AgentRule name="Execution Agents">
      </AgentRule>
    </Execution>
    <Deployment runDeploymentRoot="Administrator_WINDOWS-QA-1 2020-01-09 16_44_21" />
    <Properties />
  </TestSettings>
  <Times creation="2020-01-09T16:44:21.1401198+02:00" queuing="2020-01-09T16:44:22.2963699+02:00" start="2020-01-09T16:44:22.5463690+02:00" finish="2020-01-09T16:44:23.4213698+02:00" />
  <ResultSummary outcome="Completed">
    <Counters total="2" executed="2" passed="2" error="0" failed="0" timeout="0" aborted="0" inconclusive="0" passedButRunAborted="0" notRunnable="0" notExecuted="0" disconnected="0" warning="0" completed="0" inProgress="0" pending="0" />
  </ResultSummary>
  <TestDefinitions>
    <UnitTest name="isTrue" storage="c:\qa\simulation\testing\mstest-master\runner\mstestproject.dll" id="10ed9d88-46c9-05b9-156d-2b585507df3c">
      <Execution id="c3454216-9ee1-4d37-84dd-f423359c5f52" />
      <TestMethod codeBase="C:/QA/Simulation/Testing/mstest-master/runner/MSTestProject.DLL" adapterTypeName="Microsoft.VisualStudio.TestTools.TestTypes.Unit.UnitTestAdapter, Microsoft.VisualStudio.QualityTools.Tips.UnitTest.Adapter, Version=16.0.0.0, Culture=neutral, PublicKeyToken=b03f5f7f11d50a3a" className="MSTestProject.UnitTest1, MSTestProject, Version=1.0.0.0, Culture=neutral, PublicKeyToken=null" name="isTrue" />
    </UnitTest>
    <UnitTest name="isFalse" storage="c:\qa\simulation\testing\mstest-master\runner\mstestproject.dll" id="a44828db-0023-d090-8331-c52e1c27c3c9">
      <Execution id="564eb13c-766e-47af-9a36-981f7dc2eaec" />
      <TestMethod codeBase="C:/QA/Simulation/Testing/mstest-master/runner/MSTestProject.DLL" adapterTypeName="Microsoft.VisualStudio.TestTools.TestTypes.Unit.UnitTestAdapter, Microsoft.VisualStudio.QualityTools.Tips.UnitTest.Adapter, Version=16.0.0.0, Culture=neutral, PublicKeyToken=b03f5f7f11d50a3a" className="MSTestProject.UnitTest1, MSTestProject, Version=1.0.0.0, Culture=neutral, PublicKeyToken=null" name="isFalse" />
    </UnitTest>
  </TestDefinitions>
  <TestLists>
    <TestList name="Results Not in a List" id="8c84fa94-04c1-424b-9868-57a2d4851a1d" />
    <TestList name="All Loaded Results" id="19431567-8539-422a-85d7-44ee4e166bda" />
  </TestLists>
  <TestEntries>
    <TestEntry testId="a44828db-0023-d090-8331-c52e1c27c3c9" executionId="564eb13c-766e-47af-9a36-981f7dc2eaec" testListId="8c84fa94-04c1-424b-9868-57a2d4851a1d" />
    <TestEntry testId="10ed9d88-46c9-05b9-156d-2b585507df3c" executionId="c3454216-9ee1-4d37-84dd-f423359c5f52" testListId="8c84fa94-04c1-424b-9868-57a2d4851a1d" />
  </TestEntries>
  <Results>
    <UnitTestResult executionId="564eb13c-766e-47af-9a36-981f7dc2eaec" testId="a44828db-0023-d090-8331-c52e1c27c3c9" testName="isFalse" computerName="WINDOWS-QA-1" duration="00:00:00.0148138" startTime="2020-01-09T16:44:22.6557449+02:00" endTime="2020-01-09T16:44:23.2807490+02:00" testType="13cdc9d9-ddb5-4fa4-a97d-d965ccfc6d4b" outcome="Passed" testListId="8c84fa94-04c1-424b-9868-57a2d4851a1d" relativeResultsDirectory="564eb13c-766e-47af-9a36-981f7dc2eaec">
    </UnitTestResult>
    <UnitTestResult executionId="c3454216-9ee1-4d37-84dd-f423359c5f52" testId="10ed9d88-46c9-05b9-156d-2b585507df3c" testName="isTrue" computerName="WINDOWS-QA-1" duration="00:00:00.0114932" startTime="2020-01-09T16:44:23.2963687+02:00" endTime="2020-01-09T16:44:23.3276204+02:00" testType="13cdc9d9-ddb5-4fa4-a97d-d965ccfc6d4b" outcome="Passed" testListId="8c84fa94-04c1-424b-9868-57a2d4851a1d" relativeResultsDirectory="c3454216-9ee1-4d37-84dd-f423359c5f52">
    </UnitTestResult>
  </Results>
</TestRun>